  CCanvas.cpp
  CWindow.cpp
  CColorPicker.cpp
  CTools.cpp
C:\Projects\2D Game Programming\Paint Tool Project\Paint-Tool-Project\Paint Tool\Paint Tool\CTools.cpp(53,52): warning C4244: 'argument': conversion from 'T' to 'float', possible loss of data
          with
          [
              T=int
          ]
C:\Projects\2D Game Programming\Paint Tool Project\Paint-Tool-Project\Paint Tool\Paint Tool\CTools.cpp(53,41): warning C4244: 'argument': conversion from 'T' to 'float', possible loss of data
          with
          [
              T=int
          ]
  Main.cpp
  Generating code
  121 of 121 functions (100.0%) were compiled.
    120 functions were new in current compilation
    0 functions had inline decision re-evaluated but remain unchanged
  Finished generating code
  Paint Tool.vcxproj -> C:\Projects\2D Game Programming\Paint Tool Project\Paint-Tool-Project\Paint Tool\Release\Paint Tool.exe
